2025-03-27 20:38:05 - INFO - GET / - Status: 200 - Process Time: 0.0005s
2025-03-27 20:38:12 - INFO - GET /docs - Status: 200 - Process Time: 0.0000s
2025-03-27 20:38:12 - INFO - GET /openapi.json - Status: 200 - Process Time: 0.0184s
2025-03-27 20:38:49 - INFO - 获取知识库文件列表成功: 第1页，每页10条
2025-03-27 20:38:49 - INFO - GET /api/knowledge/files - Status: 200 - Process Time: 0.0000s
2025-03-27 20:39:26 - INFO - 获取知识库文件列表成功: 第1页，每页10条
2025-03-27 20:39:26 - INFO - GET /api/knowledge/files - Status: 200 - Process Time: 0.0010s
2025-03-27 20:39:29 - INFO - 获取知识库文件列表成功: 第1页，每页10条
2025-03-27 20:39:29 - INFO - GET /api/knowledge/files - Status: 200 - Process Time: 0.0010s
2025-03-27 20:39:46 - INFO - DELETE /api/knowledge/files/my.txt - Status: 404 - Process Time: 0.0000s
2025-03-27 20:39:57 - INFO - GET /docs - Status: 200 - Process Time: 0.0062s
2025-03-27 20:39:57 - INFO - GET /openapi.json - Status: 200 - Process Time: 0.0000s
2025-03-27 20:40:04 - INFO - 获取知识库文件列表成功: 第1页，每页10条
2025-03-27 20:40:04 - INFO - GET /api/knowledge/files - Status: 200 - Process Time: 0.0005s
2025-03-27 20:44:03 - INFO - GET / - Status: 200 - Process Time: 0.0000s
2025-03-27 20:44:07 - INFO - GET /docs - Status: 200 - Process Time: 0.0000s
2025-03-27 20:44:07 - INFO - GET /openapi.json - Status: 200 - Process Time: 0.0010s
2025-03-27 21:04:38 - INFO - 获取知识库文件列表成功: 第1页，每页10条
2025-03-27 21:04:38 - INFO - GET /api/knowledge/files - Status: 200 - Process Time: 0.0010s
2025-03-27 21:06:25 - INFO - 获取知识库文件列表成功: 第1页，每页10条
2025-03-27 21:06:25 - INFO - GET /api/knowledge/files - Status: 200 - Process Time: 0.0000s
